<?xml version="1.0" encoding="UTF-8"?>
<testng-results skipped="0" failed="0" ignored="0" total="1" passed="1">
  <reporter-output>
  </reporter-output>
  <suite name="Default suite" duration-ms="78" started-at="2022-05-03T15:37:29 IST" finished-at="2022-05-03T15:37:29 IST">
    <groups>
    </groups>
    <test name="Default test" duration-ms="78" started-at="2022-05-03T15:37:29 IST" finished-at="2022-05-03T15:37:29 IST">
      <class name="day11.testngsamples.Sample1">
        <test-method status="PASS" signature="smokeTc1()[pri:0, instance:day11.testngsamples.Sample1@4b1c1ea0]" name="smokeTc1" duration-ms="16" started-at="2022-05-03T15:37:29 IST" finished-at="2022-05-03T15:37:29 IST">
          <reporter-output>
          </reporter-output>
        </test-method> <!-- smokeTc1 -->
      </class> <!-- day11.testngsamples.Sample1 -->
    </test> <!-- Default test -->
  </suite> <!-- Default suite -->
</testng-results>
